> tsc -b && vite build
vite v8.0.10 building client environment for production...
[2Ktransforming...✓ 2309 modules transformed.
rendering chunks...
computing gzip size...
dist/index.html                                                   0.54 kB │ gzip:   0.32 kB
dist/assets/jetbrains-mono-greek-400-normal-C190GLew.woff2        4.22 kB
dist/assets/jetbrains-mono-cyrillic-400-normal-BEIGL1Tu.woff2     5.32 kB
dist/assets/jetbrains-mono-vietnamese-400-normal-CqNFfHCs.woff    5.37 kB
dist/assets/jetbrains-mono-greek-400-normal-B9oWc5Lo.woff         5.66 kB
dist/assets/jetbrains-mono-cyrillic-400-normal-ugxPyKxw.woff      6.97 kB
dist/assets/jetbrains-mono-latin-ext-400-normal-Bc8Ftmh3.woff2    7.33 kB
dist/assets/jetbrains-mono-latin-ext-400-normal-fXTG6kC5.woff    10.12 kB
dist/assets/inter-vietnamese-wght-normal-CBcvBZtf.woff2          10.25 kB
dist/assets/inter-greek-ext-wght-normal-DlzME5K_.woff2           11.23 kB
dist/assets/inter-cyrillic-wght-normal-DqGufNeO.woff2            18.74 kB
dist/assets/inter-greek-wght-normal-CkhJZR-_.woff2               18.99 kB
dist/assets/jetbrains-mono-latin-400-normal-V6pRDFza.woff2       21.16 kB
dist/assets/inter-cyrillic-ext-wght-normal-BOeWTOD4.woff2        25.96 kB
dist/assets/jetbrains-mono-latin-400-normal-6-qcROiO.woff        27.49 kB
dist/assets/inter-latin-wght-normal-Dx4kXJAl.woff2               48.25 kB
dist/assets/inter-latin-ext-wght-normal-DO1Apj_S.woff2           85.06 kB
dist/assets/index-Cwbkd-8j.css                                   85.84 kB │ gzip:  21.17 kB
dist/assets/codeowners-DXhoR5Ap.js                                0.54 kB │ gzip:   0.31 kB
dist/assets/rolldown-runtime-S-ySWqyJ.js                          0.69 kB │ gzip:   0.42 kB
dist/assets/shellsession-BeWGuVoR.js                              0.71 kB │ gzip:   0.42 kB
dist/assets/tsv-Bqs_rchc.js                                       0.73 kB │ gzip:   0.33 kB
dist/assets/html-derivative-DB9UhNDN.js                           0.84 kB │ gzip:   0.45 kB
dist/assets/git-rebase-BJE30GTP.js                                0.98 kB │ gzip:   0.44 kB
dist/assets/qmldir-BBNnU9RJ.js                                    0.99 kB │ gzip:   0.44 kB
dist/assets/csv-DUpZC5ZD.js                                       1.13 kB │ gzip:   0.36 kB
dist/assets/git-commit-DJZpdBwB.js                                1.22 kB │ gzip:   0.52 kB
dist/assets/xsl-C66i1pDH.js                                       1.36 kB │ gzip:   0.49 kB
dist/assets/dotenv-BWp1FaLo.js                                    1.41 kB │ gzip:   0.52 kB
dist/assets/sparql-DIFvSn1n.js                                    1.47 kB │ gzip:   0.81 kB
dist/assets/ini-ovi-wMtM.js                                       1.51 kB │ gzip:   0.49 kB
dist/assets/fortran-fixed-form-CyrImzNA.js                        1.66 kB │ gzip:   0.69 kB
dist/assets/docker-DkLGgDMo.js                                    1.73 kB │ gzip:   0.59 kB
dist/assets/hxml-BmF7ngDz.js                                      1.74 kB │ gzip:   0.87 kB
dist/assets/desktop-3VGbzlmJ.js                                   1.82 kB │ gzip:   0.75 kB
dist/assets/erb-C6pPz4fX.js                                       2.13 kB │ gzip:   0.62 kB
dist/assets/wenyan-ZEcjghA1.js                                    2.15 kB │ gzip:   1.08 kB
dist/assets/jssm-C-QfdDgD.js                                      2.23 kB │ gzip:   0.61 kB
dist/assets/edge-CCRtknu5.js                                      2.30 kB │ gzip:   0.67 kB
dist/assets/reg-C_WE1pkC.js                                       2.33 kB │ gzip:   0.69 kB
dist/assets/diff-D4HSRbRn.js                                      2.56 kB │ gzip:   0.68 kB
dist/assets/gleam-B9ISJjDl.js                                     2.57 kB │ gzip:   0.81 kB
dist/assets/hy-6acR1htR.js                                        2.64 kB │ gzip:   1.17 kB
dist/assets/openscad-BM4fjXzn.js                                  2.81 kB │ gzip:   1.00 kB
dist/assets/log-Cqyx7kYB.js                                       2.84 kB │ gzip:   0.89 kB
dist/assets/json-CmuSmrUv.js                                      2.89 kB │ gzip:   0.82 kB
dist/assets/cairo-CyiRuu7R.js                                     2.93 kB │ gzip:   0.80 kB
dist/assets/berry-DjEHm1kC.js                                     2.99 kB │ gzip:   0.80 kB
dist/assets/jsonl-eDmbsRcr.js                                     3.00 kB │ gzip:   0.78 kB
dist/assets/jsonc-Bo6bgSpa.js                                     3.10 kB │ gzip:   0.78 kB
dist/assets/logo-BMyACSNp.js                                      3.12 kB │ gzip:   1.46 kB
dist/assets/po-BvnTR3_f.js                                        3.23 kB │ gzip:   0.90 kB
dist/assets/json5-JNG5kh3j.js                                     3.24 kB │ gzip:   0.82 kB
dist/assets/mipsasm-C6fvALrw.js                                   3.25 kB │ gzip:   1.17 kB
dist/assets/tasl-GVNf7pB7.js                                      3.28 kB │ gzip:   0.84 kB
dist/assets/genie-BE7nKhIq.js                                     3.34 kB │ gzip:   1.20 kB
dist/assets/rel-CpHQF4b7.js                                       3.36 kB │ gzip:   1.10 kB
dist/assets/vala-C42IfotU.js                                      3.36 kB │ gzip:   1.18 kB
dist/assets/splunk-DOdklC0I.js                                    3.42 kB │ gzip:   1.51 kB
dist/assets/hurl-CYSuhGkj.js                                      3.51 kB │ gzip:   1.09 kB
dist/assets/fluent-D1peBFgx.js                                    3.60 kB │ gzip:   0.89 kB
dist/assets/ssh-config-DwwFW7AS.js                                3.61 kB │ gzip:   1.59 kB
dist/assets/jsonnet-BrmnmEy9.js                                   3.61 kB │ gzip:   1.03 kB
dist/assets/kdl-CPujEk7a.js                                       3.62 kB │ gzip:   1.03 kB
dist/assets/narrat-DY5cg5OF.js                                    3.66 kB │ gzip:   1.09 kB
dist/assets/turtle-BsUuoeVK.js                                    3.69 kB │ gzip:   0.96 kB
dist/assets/glsl-C8VPaAWs.js                                      3.69 kB │ gzip:   1.46 kB
dist/assets/zenscript-C6ZuzgrL.js                                 3.90 kB │ gzip:   1.28 kB
dist/assets/ron-CgTit1dG.js                                       3.90 kB │ gzip:   0.97 kB
dist/assets/gn-RQRMslrP.js                                        3.99 kB │ gzip:   1.47 kB
dist/assets/pascal-DYsRufgb.js                                    4.14 kB │ gzip:   1.67 kB
dist/assets/http-Deln4Vyb.js                                      4.41 kB │ gzip:   1.06 kB
dist/assets/tcl-DNlfRSl5.js                                       4.42 kB │ gzip:   1.50 kB
dist/assets/nextflow-Cto1mpL3.js                                  4.50 kB │ gzip:   1.16 kB
dist/assets/rosmsg-C0tpzWlc.js                                    4.51 kB │ gzip:   1.05 kB
dist/assets/polar-CAj5SJyd.js                                     4.66 kB │ gzip:   1.12 kB
dist/assets/sdbl-DoQ_zDzo.js                                      4.69 kB │ gzip:   2.00 kB
dist/assets/fennel-Cd-BhZ0S.js                                    4.76 kB │ gzip:   1.53 kB
dist/assets/bibtex-aOfmXHFj.js                                    4.78 kB │ gzip:   0.83 kB
dist/assets/llvm-C_Bk8N51.js                                      5.04 kB │ gzip:   2.01 kB
dist/assets/wgsl-CdusuPLe.js                                      5.13 kB │ gzip:   1.38 kB
dist/assets/gdresource-Cl3bohRI.js                                5.28 kB │ gzip:   1.33 kB
dist/assets/zig-Do2h8XKj.js                                       5.33 kB │ gzip:   1.55 kB
dist/assets/qml-DWxWu28U.js                                       5.33 kB │ gzip:   1.38 kB
dist/assets/dax-sEzq00Tq.js                                       5.35 kB │ gzip:   2.21 kB
dist/assets/bicep-BZLx0b6B.js                                     5.37 kB │ gzip:   1.14 kB
dist/assets/xml-BkdunjRC.js                                       5.44 kB │ gzip:   1.24 kB
dist/assets/awk-ButuPTaW.js                                       5.45 kB │ gzip:   1.37 kB
dist/assets/coq-CRT8yML1.js                                       5.54 kB │ gzip:   1.91 kB
dist/assets/jinja-BcRTlqOI.js                                     5.62 kB │ gzip:   1.36 kB
dist/assets/lean-CQ4oht2M.js                                      5.77 kB │ gzip:   1.91 kB
dist/assets/moonbit-Cjo3d0oi.js                                   5.89 kB │ gzip:   1.67 kB
dist/assets/powerquery-I1Ei5hrS.js                                5.89 kB │ gzip:   1.51 kB
dist/assets/shaderlab-TbUUdmUb.js                                 5.91 kB │ gzip:   2.08 kB
dist/assets/verilog-P63PhzSt.js                                   5.92 kB │ gzip:   1.89 kB
dist/assets/cypher-D6dhuZbo.js                                    5.94 kB │ gzip:   1.71 kB
dist/assets/vb-CVMKTK26.js                                        6.08 kB │ gzip:   2.33 kB
dist/assets/red-CVEaJbMR.js                                       6.25 kB │ gzip:   1.59 kB
dist/assets/min-dark-D66g901Q.js                                  6.28 kB │ gzip:   1.70 kB
dist/assets/gdshader-BOrkFM_X.js                                  6.31 kB │ gzip:   1.72 kB
dist/assets/prisma-Ojgxt2lx.js                                    6.32 kB │ gzip:   1.38 kB
dist/assets/ara-CRKnUAN1.js                                       6.35 kB │ gzip:   1.80 kB
dist/assets/clojure-BVGPdaE2.js                                   6.40 kB │ gzip:   1.41 kB
dist/assets/postcss-DrpvRGGG.js                                   6.41 kB │ gzip:   1.90 kB
dist/assets/toml-X5n3zjEH.js                                      6.41 kB │ gzip:   1.28 kB
dist/assets/solarized-light-CkoenhS2.js                           6.47 kB │ gzip:   1.71 kB
dist/assets/proto-D07RTuB5.js                                     6.54 kB │ gzip:   1.41 kB
dist/assets/smalltalk-Mlf5-xbr.js                                 6.58 kB │ gzip:   1.61 kB
dist/assets/r-B4lG5syH.js                                         6.60 kB │ gzip:   1.83 kB
dist/assets/talonscript-CXqq0wX-.js                               6.75 kB │ gzip:   1.48 kB
dist/assets/solarized-dark-BDezFa9V.js                            6.84 kB │ gzip:   1.78 kB
dist/assets/riscv-Co5eiPIZ.js                                     6.90 kB │ gzip:   1.97 kB
dist/assets/soy-C6D0Ibo9.js                                       6.92 kB │ gzip:   1.62 kB
dist/assets/min-light-CMnDj2iG.js                                 6.96 kB │ gzip:   1.88 kB
dist/assets/scheme-Bf85FNnm.js                                    7.16 kB │ gzip:   2.04 kB
dist/assets/hlsl-CckLjo_3.js                                      7.25 kB │ gzip:   2.18 kB
dist/assets/qss-CC0PKRbL.js                                       7.46 kB │ gzip:   2.57 kB
dist/assets/systemd-CJWuVSJU.js                                   7.86 kB │ gzip:   2.54 kB
dist/assets/monokai-DCoxt20T.js                                   7.88 kB │ gzip:   1.90 kB
dist/assets/regexp-da3KYCEG.js                                    8.05 kB │ gzip:   1.47 kB
dist/assets/haml-qjVLLTZk.js                                      8.33 kB │ gzip:   1.86 kB
dist/assets/typst-CPL77SDw.js                                     8.38 kB │ gzip:   1.66 kB
dist/assets/vue-html-Bx2Sgp8M.js                                  8.47 kB │ gzip:   1.68 kB
dist/assets/plsql-B1bmZxUF.js                                     8.50 kB │ gzip:   2.99 kB
dist/assets/dart-Czrjv-nr.js                                      8.61 kB │ gzip:   1.99 kB
dist/assets/horizon-BG-OH9yH.js                                   8.77 kB │ gzip:   1.94 kB
dist/assets/kotlin-GNGS6f4G.js                                    8.77 kB │ gzip:   2.12 kB
dist/assets/horizon-bright-CpoqdULz.js                            8.78 kB │ gzip:   1.96 kB
dist/assets/make-DRoG6w-e.js                                      8.95 kB │ gzip:   1.76 kB
dist/assets/andromeeda-CWmR-N6V.js                                9.01 kB │ gzip:   2.35 kB
dist/assets/sas-DYNukvU9.js                                       9.06 kB │ gzip:   3.82 kB
dist/assets/dark-plus-DNkJKrcZ.js                                 9.09 kB │ gzip:   2.10 kB
dist/assets/slack-dark-BnOYKTBJ.js                                9.11 kB │ gzip:   1.96 kB
dist/assets/sass-MovLey2R.js                                      9.28 kB │ gzip:   2.48 kB
dist/assets/plastic-CmjIC4JL.js                                   9.29 kB │ gzip:   1.96 kB
dist/assets/slack-ochin-43udxtUg.js                               9.42 kB │ gzip:   2.08 kB
dist/assets/tex-ezg8IclB.js                                       9.67 kB │ gzip:   3.06 kB
dist/assets/jison-DuNOGix6.js                                     9.69 kB │ gzip:   1.87 kB
dist/assets/cmake-CCC7tP43.js                                     9.84 kB │ gzip:   3.37 kB
dist/assets/light-plus-Ce6vIMrA.js                                9.93 kB │ gzip:   2.27 kB
dist/assets/hcl-BibREsa1.js                                      10.04 kB │ gzip:   1.93 kB
dist/assets/rst-B-OS2pa5.js                                      10.31 kB │ gzip:   2.25 kB
dist/assets/pkl-Djf8ANrI.js                                      10.36 kB │ gzip:   1.37 kB
dist/assets/beancount-BCkjWTs-.js                                10.36 kB │ gzip:   1.43 kB
dist/assets/nextflow-groovy-D1X5Yd05.js                          10.43 kB │ gzip:   2.13 kB
dist/assets/dream-maker-DtLD6KM3.js                              10.46 kB │ gzip:   2.25 kB
dist/assets/raku-CeV6tH_x.js                                     10.46 kB │ gzip:   2.94 kB
dist/assets/yaml-D_uvhEF7.js                                     10.57 kB │ gzip:   2.32 kB
dist/assets/just-O9z-zIlY.js                                     10.76 kB │ gzip:   2.60 kB
dist/assets/elm-Cezz_HNz.js                                      10.94 kB │ gzip:   2.09 kB
dist/assets/github-light-pT7U8Cnd.js                             11.18 kB │ gzip:   2.49 kB
dist/assets/prolog-C1UOAv4v.js                                   11.34 kB │ gzip:   3.84 kB
dist/assets/terraform-DUK0FOOj.js                                11.38 kB │ gzip:   2.51 kB
dist/assets/github-dark-BB9G20EV.js                              11.40 kB │ gzip:   2.53 kB
dist/assets/puppet-D_zyrMo2.js                                   11.43 kB │ gzip:   2.10 kB
dist/assets/laserwave-BLDq6SCM.js                                11.49 kB │ gzip:   2.57 kB
dist/assets/gherkin-DzGJhdqS.js                                  11.93 kB │ gzip:   5.04 kB
dist/assets/wasm-Db7VBw0n.js                                     12.00 kB │ gzip:   2.17 kB
dist/assets/hjson-D-iSecYq.js                                    12.04 kB │ gzip:   1.64 kB
dist/assets/handlebars-B3RyMMk0.js                               12.16 kB │ gzip:   2.38 kB
dist/assets/apache-D5R2GKIs.js                                   12.44 kB │ gzip:   3.71 kB
dist/assets/vesper-BGr95374.js                                   12.68 kB │ gzip:   1.98 kB
dist/assets/bat-jA-YqDhG.js                                      12.88 kB │ gzip:   3.22 kB
dist/assets/fish-CpsjJ6FK.js                                     13.03 kB │ gzip:   1.73 kB
dist/assets/v-CoJD3IPx.js                                        13.20 kB │ gzip:   2.73 kB
dist/assets/vitesse-light-WiCy6lDO.js                            13.61 kB │ gzip:   3.03 kB
dist/assets/aurora-x-LPpmXm4i.js                                 13.65 kB │ gzip:   2.28 kB
dist/assets/vitesse-black-cI0k84-I.js                            13.67 kB │ gzip:   3.05 kB
dist/assets/vitesse-dark-SouM0FMW.js                             13.75 kB │ gzip:   3.06 kB
dist/assets/pug-B4WHazil.js                                      13.84 kB │ gzip:   2.58 kB
dist/assets/luau-Dw3qkd4h.js                                     13.95 kB │ gzip:   3.16 kB
dist/assets/synthwave-84-C69NN2j9.js                             14.03 kB │ gzip:   2.85 kB
dist/assets/github-light-default-iyEXWnoa.js                     14.15 kB │ gzip:   3.02 kB
dist/assets/clarity-DS5YLe8G.js                                  14.26 kB │ gzip:   2.46 kB
dist/assets/github-light-high-contrast-DLnsZL7l.js               14.27 kB │ gzip:   3.00 kB
dist/assets/github-dark-dimmed-sQhEp72S.js                       14.43 kB │ gzip:   3.11 kB
dist/assets/github-dark-default-CBFNEU03.js                      14.43 kB │ gzip:   3.12 kB
dist/assets/github-dark-high-contrast-C8GVvrcM.js                14.59 kB │ gzip:   3.07 kB
dist/assets/gnuplot-CfIGZWjt.js                                  14.77 kB │ gzip:   3.27 kB
dist/assets/rust-BWAfVMY4.js                                     15.06 kB │ gzip:   2.71 kB
dist/assets/kusto-ByPWIc1b.js                                    15.16 kB │ gzip:   3.92 kB
dist/assets/actionscript-3-Cj-0sM4g.js                           15.19 kB │ gzip:   2.67 kB
dist/assets/nix-C2G-gZoY.js                                      15.50 kB │ gzip:   2.47 kB
dist/assets/lua-BroxvhVt.js                                      15.60 kB │ gzip:   3.19 kB
dist/assets/abap-BRbAAyvE.js                                     15.84 kB │ gzip:   5.93 kB
dist/assets/solidity-DYHGECBw.js                                 16.06 kB │ gzip:   3.09 kB
dist/assets/matlab-Buftnej6.js                                   16.07 kB │ gzip:   3.06 kB
dist/assets/cue-DlXQ7arx.js                                      16.19 kB │ gzip:   2.04 kB
dist/assets/elixir-5EYbFEoC.js                                   16.26 kB │ gzip:   2.76 kB
dist/assets/odin-BWpZDKBG.js                                     16.50 kB │ gzip:   2.92 kB
dist/assets/ts-tags-BfuR6EQ0.js                                  16.54 kB │ gzip:   2.05 kB
dist/assets/kanagawa-wave-CTxJC692.js                            17.12 kB │ gzip:   2.90 kB
dist/assets/kanagawa-lotus-DglQpAHb.js                           17.12 kB │ gzip:   2.90 kB
dist/assets/kanagawa-dragon-Dc8jzBf8.js                          17.12 kB │ gzip:   2.92 kB
dist/assets/move-BZSDQnwS.js                                     17.49 kB │ gzip:   3.06 kB
dist/assets/graphql-WZCiqIl-.js                                  18.08 kB │ gzip:   2.54 kB
dist/assets/liquid-BK2PyMjt.js                                   18.10 kB │ gzip:   3.14 kB
dist/assets/svelte-DJ-0FpL2.js                                   18.24 kB │ gzip:   3.14 kB
dist/assets/material-theme-D1yzOeFY.js                           18.61 kB │ gzip:   3.10 kB
dist/assets/material-theme-darker-DhWqiNtj.js                    18.62 kB │ gzip:   3.10 kB
dist/assets/material-theme-ocean-TtH-ZZAj.js                     18.62 kB │ gzip:   3.12 kB
dist/assets/material-theme-lighter-PKoq0Soa.js                   18.63 kB │ gzip:   3.10 kB
dist/assets/material-theme-palenight-DPEAidnA.js                 18.63 kB │ gzip:   3.11 kB
dist/assets/gdscript-B_XVILZe.js                                 18.98 kB │ gzip:   3.75 kB
dist/assets/groovy-lvGC2zUz.js                                   19.17 kB │ gzip:   3.59 kB
dist/assets/mdc-BOaCYzzL.js                                      19.54 kB │ gzip:   6.66 kB
dist/assets/ayu-dark-Dv4ngVMP.js                                 20.07 kB │ gzip:   3.93 kB
dist/assets/ayu-mirage-i2YLXKmY.js                               20.08 kB │ gzip:   3.91 kB
dist/assets/glimmer-js-C4PTXfaW.js                               20.08 kB │ gzip:   2.94 kB
dist/assets/glimmer-ts-Df1V6YK_.js                               20.08 kB │ gzip:   2.93 kB
dist/assets/powershell-Coc0WruX.js                               20.14 kB │ gzip:   4.05 kB
dist/assets/ayu-light-CxeOePuA.js                                20.14 kB │ gzip:   3.89 kB
dist/assets/viml-CGPGWJA6.js                                     20.35 kB │ gzip:   6.73 kB
dist/assets/nushell-S11HUHTG.js                                  20.40 kB │ gzip:   5.21 kB
dist/assets/snazzy-light-kw-pZEiM.js                             20.77 kB │ gzip:   3.80 kB
dist/assets/twig-_uxJ-QmX.js                                     20.90 kB │ gzip:   3.66 kB
dist/assets/dracula-Donvxzd6.js                                  21.06 kB │ gzip:   3.99 kB
dist/assets/dracula-soft-BqL-kkUg.js                             21.07 kB │ gzip:   4.02 kB
dist/assets/wit-ZhUbVeze.js                                      21.46 kB │ gzip:   2.87 kB
dist/assets/rose-pine-BDTwvYHf.js                                21.74 kB │ gzip:   3.86 kB
dist/assets/rose-pine-moon-C5gdiznP.js                           21.75 kB │ gzip:   3.87 kB
dist/assets/rose-pine-dawn-CAIk_wLV.js                           21.75 kB │ gzip:   3.88 kB
dist/assets/nim-BZyx58NM.js                                      22.45 kB │ gzip:   3.15 kB
dist/assets/common-lisp-BE6wRQeA.js                              22.57 kB │ gzip:   6.07 kB
dist/assets/surrealql-DyoUfV6n.js                                22.58 kB │ gzip:   4.31 kB
dist/assets/gruvbox-dark-hard-CC38iqQ4.js                        22.63 kB │ gzip:   4.15 kB
dist/assets/gruvbox-dark-soft-C4niJipy.js                        22.63 kB │ gzip:   4.15 kB
dist/assets/gruvbox-light-hard-DTfv4LmB.js                       22.63 kB │ gzip:   4.16 kB
dist/assets/gruvbox-light-soft-CiE1IJdk.js                       22.63 kB │ gzip:   4.16 kB
dist/assets/gruvbox-dark-medium-DaS0IqFN.js                      22.63 kB │ gzip:   4.15 kB
dist/assets/gruvbox-light-medium-m1VBpvsE.js                     22.63 kB │ gzip:   4.16 kB
dist/assets/bird2-Bs7YDhA3.js                                    22.93 kB │ gzip:   4.65 kB
dist/assets/sql-CZAMrWdL.js                                      23.47 kB │ gzip:   7.49 kB
dist/assets/cadence-DaglWUgA.js                                  23.66 kB │ gzip:   3.65 kB
dist/assets/astro-DBA9Da7s.js                                    24.02 kB │ gzip:   7.59 kB
dist/assets/apl-w753UHCW.js                                      24.02 kB │ gzip:   4.17 kB
dist/assets/templ-7Bvm-rei.js                                    24.06 kB │ gzip:   5.41 kB
dist/assets/angular-html-Cde9qVP5.js                             24.24 kB │ gzip:   3.99 kB
dist/assets/vhdl-2WwUdgX8.js                                     24.25 kB │ gzip:   3.86 kB
dist/assets/vue-DkOBu49o.js                                      24.48 kB │ gzip:   2.96 kB
dist/assets/purescript-CV-DVmZj.js                               24.67 kB │ gzip:   3.24 kB
dist/assets/typespec-8nkhqWz6.js                                 25.03 kB │ gzip:   2.62 kB
dist/assets/one-light-Cu0d64Hp.js                                25.29 kB │ gzip:   3.63 kB
dist/assets/fsharp-OCW_PZ4J.js                                   25.30 kB │ gzip:   4.12 kB
dist/assets/marko-CTEKS39A.js                                    25.48 kB │ gzip:   3.59 kB
dist/assets/c3-BDcFIiRd.js                                       25.62 kB │ gzip:   3.85 kB
dist/assets/night-owl-light-DihOYNub.js                          25.89 kB │ gzip:   4.23 kB
dist/assets/system-verilog-DjR3sN6w.js                           26.19 kB │ gzip:   4.82 kB
dist/assets/nord-CqZqLQaJ.js                                     26.72 kB │ gzip:   4.35 kB
dist/assets/codeql-BGjlu3KC.js                                   26.87 kB │ gzip:   3.79 kB
dist/assets/scss-C0BQ8YVM.js                                     27.26 kB │ gzip:   4.23 kB
dist/assets/java-X0I2c5Az.js                                     27.28 kB │ gzip:   4.31 kB
dist/assets/coffee-rY-gkJy7.js                                   27.42 kB │ gzip:   6.35 kB
dist/assets/razor-CQPYUgex.js                                    27.45 kB │ gzip:   3.54 kB
dist/assets/scala-C2w7y2mZ.js                                    28.87 kB │ gzip:   3.92 kB
dist/assets/night-owl-DuMFo77c.js                                28.91 kB │ gzip:   5.14 kB
dist/assets/crystal-Dh09vXLx.js                                  29.41 kB │ gzip:   4.44 kB
dist/assets/mermaid-tvyj1ZQ2.js                                  29.50 kB │ gzip:   3.64 kB
dist/assets/applescript-CBey3ErE.js                              29.56 kB │ gzip:   5.94 kB
dist/assets/julia-Cqc1ADyw.js                                    30.99 kB │ gzip:   4.30 kB
dist/assets/stylus-BO6mlOab.js                                   31.06 kB │ gzip:   8.01 kB
dist/assets/poimandres-BTndTogr.js                               33.49 kB │ gzip:   5.49 kB
dist/assets/one-dark-pro-DpWTHpwg.js                             33.78 kB │ gzip:   5.50 kB
dist/assets/bsl-CPV9KqsG.js                                      33.86 kB │ gzip:   8.34 kB
dist/assets/haxe-Df79h8x1.js                                     35.15 kB │ gzip:   5.90 kB
dist/assets/nginx-Da_Uewgc.js                                    35.35 kB │ gzip:   4.45 kB
dist/assets/houston-C8DdNIgg.js                                  35.41 kB │ gzip:   5.76 kB
dist/assets/tokyo-night-DWTtuXS3.js                              35.66 kB │ gzip:   6.22 kB
dist/assets/erlang-BC8wryba.js                                   37.47 kB │ gzip:   4.36 kB
dist/assets/cobol-CkQrskif.js                                    39.07 kB │ gzip:  10.88 kB
dist/assets/asm-DAaViY0U.js                                      40.71 kB │ gzip:   8.16 kB
dist/assets/haskell-DdaZtXdd.js                                  41.48 kB │ gzip:   6.41 kB
dist/assets/shellscript-KUJZnuCi.js                              41.54 kB │ gzip:   6.13 kB
dist/assets/perl-BW8t13Xq.js                                     43.14 kB │ gzip:   4.64 kB
dist/assets/d-BUgyoY6k.js                                        43.78 kB │ gzip:   8.43 kB
dist/assets/ruby-BM15fmxz.js                                     46.60 kB │ gzip:   5.71 kB
dist/assets/go-BTh90-YS.js                                       46.81 kB │ gzip:   5.14 kB
dist/assets/apex-Qu8W4hal.js                                     46.97 kB │ gzip:   6.72 kB
dist/assets/catppuccin-mocha-CXgIAGBL.js                         47.25 kB │ gzip:   7.98 kB
dist/assets/catppuccin-latte-Jt6sqtds.js                         47.25 kB │ gzip:   7.98 kB
dist/assets/catppuccin-frappe-CSAC76is.js                        47.25 kB │ gzip:   7.99 kB
dist/assets/catppuccin-macchiato-HM96_05s.js                     47.26 kB │ gzip:   7.99 kB
dist/assets/ada-DhEA_nP5.js                                      48.07 kB │ gzip:   5.96 kB
dist/assets/css-BTi88BmP.js                                      49.10 kB │ gzip:  11.95 kB
dist/assets/imba-I9bJJvhi.js                                     49.92 kB │ gzip:   9.47 kB
dist/assets/everforest-dark-pZNhY4MK.js                          53.74 kB │ gzip:   8.37 kB
dist/assets/everforest-light-BijKClkf.js                         53.74 kB │ gzip:   8.36 kB
dist/assets/wikitext-CBIB6hmW.js                                 55.87 kB │ gzip:   4.81 kB
dist/assets/stata-C5mLa_ER.js                                    56.99 kB │ gzip:  12.39 kB
dist/assets/html-DP-V-rfg.js                                     57.32 kB │ gzip:  11.78 kB
dist/assets/ballerina-DodmBVwR.js                                58.68 kB │ gzip:   8.10 kB
dist/assets/markdown-DMIvNSB1.js                                 59.32 kB │ gzip:   5.66 kB
dist/assets/ocaml-C_PTi_Pz.js                                    62.44 kB │ gzip:   5.04 kB
dist/assets/mojo-B3qnM1a8.js                                     69.79 kB │ gzip:   9.21 kB
dist/assets/python-DcnbpNOV.js                                   69.94 kB │ gzip:   9.09 kB
dist/assets/c-Bv0tI3pq.js                                        72.17 kB │ gzip:  10.55 kB
dist/assets/latex-BEPTKliI.js                                    72.61 kB │ gzip:   6.68 kB
dist/assets/vyper-DP_vqZO9.js                                    74.64 kB │ gzip:  10.69 kB
dist/assets/hack-zJL_tEH0.js                                     80.18 kB │ gzip:  26.27 kB
dist/assets/swift-D9A08YU9.js                                    86.68 kB │ gzip:  14.69 kB
dist/assets/fortran-free-form-CIAQqF5W.js                        88.96 kB │ gzip:  11.18 kB
dist/assets/csharp-Ca2kU4Te.js                                   89.68 kB │ gzip:  10.64 kB
dist/assets/racket-Cbwns2Cq.js                                   92.38 kB │ gzip:  15.07 kB
dist/assets/less-DgluPI4Z.js                                     97.62 kB │ gzip:  14.84 kB
dist/assets/blade-B-u5p0Rp.js                                   104.97 kB │ gzip:  28.30 kB
dist/assets/objective-c-D9GKvYFi.js                             105.40 kB │ gzip:  23.63 kB
dist/assets/php-Cq5FOhfR.js                                     111.31 kB │ gzip:  28.65 kB
dist/assets/asciidoc-1KYZEB6-.js                                131.52 kB │ gzip:   9.31 kB
dist/assets/mdx-COL7Vpwq.js                                     136.10 kB │ gzip:  23.54 kB
dist/assets/ShikiHighlighter-BlPtJEWo.js                        149.51 kB │ gzip:  46.14 kB
dist/assets/objective-cpp-SqrtXFXh.js                           171.96 kB │ gzip:  30.98 kB
dist/assets/javascript-WC6XFf_S.js                              174.89 kB │ gzip:  16.68 kB
dist/assets/tsx-CfyUE2pW.js                                     175.60 kB │ gzip:  16.68 kB
dist/assets/jsx-Bl4e1-KE.js                                     177.85 kB │ gzip:  16.77 kB
dist/assets/typescript-C6LvTgbf.js                              181.14 kB │ gzip:  16.29 kB
dist/assets/angular-ts-DefScAWP.js                              183.73 kB │ gzip:  16.78 kB
dist/assets/vue-vine-veyFk6GJ.js                                190.05 kB │ gzip:  18.07 kB
dist/assets/wolfram-HyMOyERF.js                                 262.38 kB │ gzip:  77.63 kB
dist/assets/wasm-DiIFv9DE.js                                    622.32 kB │ gzip: 232.09 kB
dist/assets/cpp-Bw-qV0P6.js                                     626.13 kB │ gzip:  48.10 kB
dist/assets/index-tYQ3YI-s.js                                   643.96 kB │ gzip: 171.14 kB
dist/assets/emacs-lisp-D4W-_rAk.js                              779.87 kB │ gzip: 197.55 kB
✓ built in 591ms
[plugin builtin:vite-reporter]
(!) Some chunks are larger than 500 kB after minification. Consider:
- Using dynamic import() to code-split the application
- Use build.rolldownOptions.output.codeSplitting to improve chunking: https://rolldown.rs/reference/OutputOptions.codeSplitting
- Adjust chunk size limit for this warning via build.chunkSizeWarningLimit.
